# JRE version: Java(TM) SE Runtime Environment (8.0_161-b12) (build 1.8.0_161-b12)
# Java VM: Java HotSpot(TM) 64-Bit Server VM (25.161-b12 mixed mode linux-amd64 compressed oops)
Heap:
 PSYoungGen      total 43520K, used 21251K [0x00000000efe00000, 0x00000000f4580000, 0x0000000100000000)
  eden space 33792K, 34% used [0x00000000efe00000,0x00000000f096f4e8,0x00000000f1f00000)
  from space 9728K, 98% used [0x00000000f3c00000,0x00000000f4551890,0x00000000f4580000)
  to   space 16384K, 0% used [0x00000000f2580000,0x00000000f2580000,0x00000000f3580000)
 ParOldGen       total 107008K, used 63981K [0x00000000cfa00000, 0x00000000d6280000, 0x00000000efe00000)
  object space 107008K, 59% used [0x00000000cfa00000,0x00000000d387b578,0x00000000d6280000)
 Metaspace       used 20344K, capacity 21592K, committed 21760K, reserved 1067008K
  class space    used 2978K, capacity 3254K, committed 3328K, reserved 1048576K
GC Heap History (10 events):
Event: 8.373 GC heap before
{Heap before GC invocations=6 (full 1):
 PSYoungGen      total 14848K, used 2027K [0x00000000efe00000, 0x00000000f3300000, 0x0000000100000000)
  eden space 12800K, 0% used [0x00000000efe00000,0x00000000efe00000,0x00000000f0a80000)
  from space 2048K, 98% used [0x00000000f0a80000,0x00000000f0c7ace0,0x00000000f0c80000)
  to   space 14336K, 0% used [0x00000000f2500000,0x00000000f2500000,0x00000000f3300000)
 ParOldGen       total 36352K, used 34778K [0x00000000cfa00000, 0x00000000d1d80000, 0x00000000efe00000)
  object space 36352K, 95% used [0x00000000cfa00000,0x00000000d1bf6b00,0x00000000d1d80000)
 Metaspace       used 15228K, capacity 15842K, committed 16000K, reserved 1062912K
  class space    used 2225K, capacity 2379K, committed 2432K, reserved 1048576K
Event: 8.448 GC heap after
Heap after GC invocations=6 (full 1):
 PSYoungGen      total 14848K, used 0K [0x00000000efe00000, 0x00000000f3300000, 0x0000000100000000)
  eden space 12800K, 0% used [0x00000000efe00000,0x00000000efe00000,0x00000000f0a80000)
  from space 2048K, 0% used [0x00000000f0a80000,0x00000000f0a80000,0x00000000f0c80000)
  to   space 14336K, 0% used [0x00000000f2500000,0x00000000f2500000,0x00000000f3300000)
 ParOldGen       total 64000K, used 35074K [0x00000000cfa00000, 0x00000000d3880000, 0x00000000efe00000)
  object space 64000K, 54% used [0x00000000cfa00000,0x00000000d1c40998,0x00000000d3880000)
 Metaspace       used 15226K, capacity 15836K, committed 16000K, reserved 1062912K
  class space    used 2225K, capacity 2378K, committed 2432K, reserved 1048576K
}
Event: 8.553 GC heap before
{Heap before GC invocations=7 (full 1):
 PSYoungGen      total 14848K, used 11850K [0x00000000efe00000, 0x00000000f3300000, 0x0000000100000000)
  eden space 12800K, 92% used [0x00000000efe00000,0x00000000f0992a10,0x00000000f0a80000)
  from space 2048K, 0% used [0x00000000f0a80000,0x00000000f0a80000,0x00000000f0c80000)
  to   space 14336K, 0% used [0x00000000f2500000,0x00000000f2500000,0x00000000f3300000)
 ParOldGen       total 64000K, used 35074K [0x00000000cfa00000, 0x00000000d3880000, 0x00000000efe00000)
  object space 64000K, 54% used [0x00000000cfa00000,0x00000000d1c40998,0x00000000d3880000)
 Metaspace       used 15227K, capacity 15836K, committed 16000K, reserved 1062912K
  class space    used 2225K, capacity 2378K, committed 2432K, reserved 1048576K
Event: 8.586 GC heap after
Heap after GC invocations=7 (full 1):
 PSYoungGen      total 37888K, used 9959K [0x00000000efe00000, 0x00000000f3280000, 0x0000000100000000)
  eden space 24064K, 0% used [0x00000000efe00000,0x00000000efe00000,0x00000000f1580000)
  from space 13824K, 72% used [0x00000000f2500000,0x00000000f2eb9f40,0x00000000f3280000)
  to   space 14848K, 0% used [0x00000000f1580000,0x00000000f1580000,0x00000000f2400000)
 ParOldGen       total 64000K, used 35074K [0x00000000cfa00000, 0x00000000d3880000, 0x00000000efe00000)
  object space 64000K, 54% used [0x00000000cfa00000,0x00000000d1c40998,0x00000000d3880000)
 Metaspace       used 15227K, capacity 15836K, committed 16000K, reserved 1062912K
  class space    used 2225K, capacity 2378K, committed 2432K, reserved 1048576K
}
Event: 8.891 GC heap before
{Heap before GC invocations=8 (full 1):
 PSYoungGen      total 37888K, used 34023K [0x00000000efe00000, 0x00000000f3280000, 0x0000000100000000)
  eden space 24064K, 100% used [0x00000000efe00000,0x00000000f1580000,0x00000000f1580000)
  from space 13824K, 72% used [0x00000000f2500000,0x00000000f2eb9f40,0x00000000f3280000)
  to   space 14848K, 0% used [0x00000000f1580000,0x00000000f1580000,0x00000000f2400000)
 ParOldGen       total 64000K, used 35074K [0x00000000cfa00000, 0x00000000d3880000, 0x00000000efe00000)
  object space 64000K, 54% used [0x00000000cfa00000,0x00000000d1c40998,0x00000000d3880000)
 Metaspace       used 15250K, capacity 15836K, committed 16000K, reserved 1062912K
  class space    used 2225K, capacity 2378K, committed 2432K, reserved 1048576K
Event: 8.972 GC heap after
Heap after GC invocations=8 (full 1):
 PSYoungGen      total 38912K, used 14776K [0x00000000efe00000, 0x00000000f4c80000, 0x0000000100000000)
  eden space 24064K, 0% used [0x00000000efe00000,0x00000000efe00000,0x00000000f1580000)
  from space 14848K, 99% used [0x00000000f1580000,0x00000000f23ee128,0x00000000f2400000)
  to   space 16896K, 0% used [0x00000000f3c00000,0x00000000f3c00000,0x00000000f4c80000)
 ParOldGen       total 64000K, used 52959K [0x00000000cfa00000, 0x00000000d3880000, 0x00000000efe00000)
  object space 64000K, 82% used [0x00000000cfa00000,0x00000000d2db7d50,0x00000000d3880000)
 Metaspace       used 15250K, capacity 15836K, committed 16000K, reserved 1062912K
  class space    used 2225K, capacity 2378K, committed 2432K, reserved 1048576K
}
Event: 8.972 GC heap before
{Heap before GC invocations=9 (full 2):
 PSYoungGen      total 38912K, used 14776K [0x00000000efe00000, 0x00000000f4c80000, 0x0000000100000000)
  eden space 24064K, 0% used [0x00000000efe00000,0x00000000efe00000,0x00000000f1580000)
  from space 14848K, 99% used [0x00000000f1580000,0x00000000f23ee128,0x00000000f2400000)
  to   space 16896K, 0% used [0x00000000f3c00000,0x00000000f3c00000,0x00000000f4c80000)
 ParOldGen       total 64000K, used 52959K [0x00000000cfa00000, 0x00000000d3880000, 0x00000000efe00000)
  object space 64000K, 82% used [0x00000000cfa00000,0x00000000d2db7d50,0x00000000d3880000)
 Metaspace       used 15250K, capacity 15836K, committed 16000K, reserved 1062912K
  class space    used 2225K, capacity 2378K, committed 2432K, reserved 1048576K
Event: 9.111 GC heap after
Heap after GC invocations=9 (full 2):
 PSYoungGen      total 38912K, used 3537K [0x00000000efe00000, 0x00000000f4c80000, 0x0000000100000000)
  eden space 24064K, 0% used [0x00000000efe00000,0x00000000efe00000,0x00000000f1580000)
  from space 14848K, 23% used [0x00000000f1580000,0x00000000f18f4438,0x00000000f2400000)
  to   space 16896K, 0% used [0x00000000f3c00000,0x00000000f3c00000,0x00000000f4c80000)
 ParOldGen       total 107008K, used 63909K [0x00000000cfa00000, 0x00000000d6280000, 0x00000000efe00000)
  object space 107008K, 59% used [0x00000000cfa00000,0x00000000d3869568,0x00000000d6280000)
 Metaspace       used 15250K, capacity 15836K, committed 16000K, reserved 1062912K
  class space    used 2225K, capacity 2378K, committed 2432K, reserved 1048576K
}
Event: 32.442 GC heap before
{Heap before GC invocations=10 (full 2):
 PSYoungGen      total 38912K, used 27601K [0x00000000efe00000, 0x00000000f4c80000, 0x0000000100000000)
  eden space 24064K, 100% used [0x00000000efe00000,0x00000000f1580000,0x00000000f1580000)
  from space 14848K, 23% used [0x00000000f1580000,0x00000000f18f4438,0x00000000f2400000)
  to   space 16896K, 0% used [0x00000000f3c00000,0x00000000f3c00000,0x00000000f4c80000)
 ParOldGen       total 107008K, used 63909K [0x00000000cfa00000, 0x00000000d6280000, 0x00000000efe00000)
  object space 107008K, 59% used [0x00000000cfa00000,0x00000000d3869568,0x00000000d6280000)
 Metaspace       used 20166K, capacity 21408K, committed 21504K, reserved 1067008K
  class space    used 2950K, capacity 3240K, committed 3328K, reserved 1048576K
Event: 32.489 GC heap after
Heap after GC invocations=10 (full 2):
 PSYoungGen      total 43520K, used 9542K [0x00000000efe00000, 0x00000000f4580000, 0x0000000100000000)
  eden space 33792K, 0% used [0x00000000efe00000,0x00000000efe00000,0x00000000f1f00000)
  from space 9728K, 98% used [0x00000000f3c00000,0x00000000f4551890,0x00000000f4580000)
  to   space 16384K, 0% used [0x00000000f2580000,0x00000000f2580000,0x00000000f3580000)
 ParOldGen       total 107008K, used 63981K [0x00000000cfa00000, 0x00000000d6280000, 0x00000000efe00000)
  object space 107008K, 59% used [0x00000000cfa00000,0x00000000d387b578,0x00000000d6280000)
 Metaspace       used 20166K, capacity 21408K, committed 21504K, reserved 1067008K
  class space    used 2950K, capacity 3240K, committed 3328K, reserved 1048576K
}

