# JRE version: Java(TM) SE Runtime Environment (8.0_161-b12) (build 1.8.0_161-b12)
# Java VM: Java HotSpot(TM) 64-Bit Server VM (25.161-b12 mixed mode linux-amd64 compressed oops)
Heap:
 PSYoungGen      total 61440K, used 33550K [0x00000000efe00000, 0x00000000f5380000, 0x0000000100000000)
  eden space 41472K, 33% used [0x00000000efe00000,0x00000000f0bc2898,0x00000000f2680000)
  from space 19968K, 97% used [0x00000000f2680000,0x00000000f3981318,0x00000000f3a00000)
  to   space 22528K, 0% used [0x00000000f3d80000,0x00000000f3d80000,0x00000000f5380000)
 ParOldGen       total 90112K, used 51383K [0x00000000cfa00000, 0x00000000d5200000, 0x00000000efe00000)
  object space 90112K, 57% used [0x00000000cfa00000,0x00000000d2c2de60,0x00000000d5200000)
 Metaspace       used 21474K, capacity 22702K, committed 23040K, reserved 1069056K
  class space    used 2992K, capacity 3251K, committed 3328K, reserved 1048576K
GC Heap History (10 events):
Event: 20.692 GC heap before
{Heap before GC invocations=7 (full 1):
 PSYoungGen      total 14848K, used 11861K [0x00000000efe00000, 0x00000000f3100000, 0x0000000100000000)
  eden space 12800K, 92% used [0x00000000efe00000,0x00000000f0995688,0x00000000f0a80000)
  from space 2048K, 0% used [0x00000000f0a80000,0x00000000f0a80000,0x00000000f0c80000)
  to   space 13312K, 0% used [0x00000000f2400000,0x00000000f2400000,0x00000000f3100000)
 ParOldGen       total 54272K, used 28066K [0x00000000cfa00000, 0x00000000d2f00000, 0x00000000efe00000)
  object space 54272K, 51% used [0x00000000cfa00000,0x00000000d1568880,0x00000000d2f00000)
 Metaspace       used 15395K, capacity 15988K, committed 16256K, reserved 1062912K
  class space    used 2233K, capacity 2384K, committed 2432K, reserved 1048576K
Event: 20.708 GC heap after
Heap after GC invocations=7 (full 1):
 PSYoungGen      total 37376K, used 11684K [0x00000000efe00000, 0x00000000f3280000, 0x0000000100000000)
  eden space 24064K, 0% used [0x00000000efe00000,0x00000000efe00000,0x00000000f1580000)
  from space 13312K, 87% used [0x00000000f2400000,0x00000000f2f69350,0x00000000f3100000)
  to   space 14848K, 0% used [0x00000000f1580000,0x00000000f1580000,0x00000000f2400000)
 ParOldGen       total 54272K, used 28074K [0x00000000cfa00000, 0x00000000d2f00000, 0x00000000efe00000)
  object space 54272K, 51% used [0x00000000cfa00000,0x00000000d156a880,0x00000000d2f00000)
 Metaspace       used 15395K, capacity 15988K, committed 16256K, reserved 1062912K
  class space    used 2233K, capacity 2384K, committed 2432K, reserved 1048576K
}
Event: 21.179 GC heap before
{Heap before GC invocations=8 (full 1):
 PSYoungGen      total 37376K, used 35545K [0x00000000efe00000, 0x00000000f3280000, 0x0000000100000000)
  eden space 24064K, 99% used [0x00000000efe00000,0x00000000f154d3e0,0x00000000f1580000)
  from space 13312K, 87% used [0x00000000f2400000,0x00000000f2f69350,0x00000000f3100000)
  to   space 14848K, 0% used [0x00000000f1580000,0x00000000f1580000,0x00000000f2400000)
 ParOldGen       total 54272K, used 28074K [0x00000000cfa00000, 0x00000000d2f00000, 0x00000000efe00000)
  object space 54272K, 51% used [0x00000000cfa00000,0x00000000d156a880,0x00000000d2f00000)
 Metaspace       used 15412K, capacity 16052K, committed 16256K, reserved 1062912K
  class space    used 2233K, capacity 2384K, committed 2432K, reserved 1048576K
Event: 21.291 GC heap after
Heap after GC invocations=8 (full 1):
 PSYoungGen      total 38912K, used 14730K [0x00000000efe00000, 0x00000000f4d80000, 0x0000000100000000)
  eden space 24064K, 0% used [0x00000000efe00000,0x00000000efe00000,0x00000000f1580000)
  from space 14848K, 99% used [0x00000000f1580000,0x00000000f23e2818,0x00000000f2400000)
  to   space 17408K, 0% used [0x00000000f3c80000,0x00000000f3c80000,0x00000000f4d80000)
 ParOldGen       total 54272K, used 46367K [0x00000000cfa00000, 0x00000000d2f00000, 0x00000000efe00000)
  object space 54272K, 85% used [0x00000000cfa00000,0x00000000d2747e38,0x00000000d2f00000)
 Metaspace       used 15412K, capacity 16052K, committed 16256K, reserved 1062912K
  class space    used 2233K, capacity 2384K, committed 2432K, reserved 1048576K
}
Event: 21.291 GC heap before
{Heap before GC invocations=9 (full 2):
 PSYoungGen      total 38912K, used 14730K [0x00000000efe00000, 0x00000000f4d80000, 0x0000000100000000)
  eden space 24064K, 0% used [0x00000000efe00000,0x00000000efe00000,0x00000000f1580000)
  from space 14848K, 99% used [0x00000000f1580000,0x00000000f23e2818,0x00000000f2400000)
  to   space 17408K, 0% used [0x00000000f3c80000,0x00000000f3c80000,0x00000000f4d80000)
 ParOldGen       total 54272K, used 46367K [0x00000000cfa00000, 0x00000000d2f00000, 0x00000000efe00000)
  object space 54272K, 85% used [0x00000000cfa00000,0x00000000d2747e38,0x00000000d2f00000)
 Metaspace       used 15412K, capacity 16052K, committed 16256K, reserved 1062912K
  class space    used 2233K, capacity 2384K, committed 2432K, reserved 1048576K
Event: 21.422 GC heap after
Heap after GC invocations=9 (full 2):
 PSYoungGen      total 38912K, used 9201K [0x00000000efe00000, 0x00000000f4d80000, 0x0000000100000000)
  eden space 24064K, 0% used [0x00000000efe00000,0x00000000efe00000,0x00000000f1580000)
  from space 14848K, 61% used [0x00000000f1580000,0x00000000f1e7c5a8,0x00000000f2400000)
  to   space 17408K, 0% used [0x00000000f3c80000,0x00000000f3c80000,0x00000000f4d80000)
 ParOldGen       total 90112K, used 50036K [0x00000000cfa00000, 0x00000000d5200000, 0x00000000efe00000)
  object space 90112K, 55% used [0x00000000cfa00000,0x00000000d2add340,0x00000000d5200000)
 Metaspace       used 15412K, capacity 16052K, committed 16256K, reserved 1062912K
  class space    used 2233K, capacity 2384K, committed 2432K, reserved 1048576K
}
Event: 29.979 GC heap before
{Heap before GC invocations=10 (full 2):
 PSYoungGen      total 38912K, used 33265K [0x00000000efe00000, 0x00000000f4d80000, 0x0000000100000000)
  eden space 24064K, 100% used [0x00000000efe00000,0x00000000f1580000,0x00000000f1580000)
  from space 14848K, 61% used [0x00000000f1580000,0x00000000f1e7c5a8,0x00000000f2400000)
  to   space 17408K, 0% used [0x00000000f3c80000,0x00000000f3c80000,0x00000000f4d80000)
 ParOldGen       total 90112K, used 50036K [0x00000000cfa00000, 0x00000000d5200000, 0x00000000efe00000)
  object space 90112K, 55% used [0x00000000cfa00000,0x00000000d2add340,0x00000000d5200000)
 Metaspace       used 20132K, capacity 21400K, committed 21504K, reserved 1067008K
  class space    used 2953K, capacity 3232K, committed 3328K, reserved 1048576K
Event: 30.050 GC heap after
Heap after GC invocations=10 (full 2):
 PSYoungGen      total 52224K, used 17124K [0x00000000efe00000, 0x00000000f4d80000, 0x0000000100000000)
  eden space 34816K, 0% used [0x00000000efe00000,0x00000000efe00000,0x00000000f2000000)
  from space 17408K, 98% used [0x00000000f3c80000,0x00000000f4d39308,0x00000000f4d80000)
  to   space 19968K, 0% used [0x00000000f2680000,0x00000000f2680000,0x00000000f3a00000)
 ParOldGen       total 90112K, used 51375K [0x00000000cfa00000, 0x00000000d5200000, 0x00000000efe00000)
  object space 90112K, 57% used [0x00000000cfa00000,0x00000000d2c2be60,0x00000000d5200000)
 Metaspace       used 20132K, capacity 21400K, committed 21504K, reserved 1067008K
  class space    used 2953K, capacity 3232K, committed 3328K, reserved 1048576K
}
Event: 129.491 GC heap before
{Heap before GC invocations=11 (full 2):
 PSYoungGen      total 52224K, used 51940K [0x00000000efe00000, 0x00000000f4d80000, 0x0000000100000000)
  eden space 34816K, 100% used [0x00000000efe00000,0x00000000f2000000,0x00000000f2000000)
  from space 17408K, 98% used [0x00000000f3c80000,0x00000000f4d39308,0x00000000f4d80000)
  to   space 19968K, 0% used [0x00000000f2680000,0x00000000f2680000,0x00000000f3a00000)
 ParOldGen       total 90112K, used 51375K [0x00000000cfa00000, 0x00000000d5200000, 0x00000000efe00000)
  object space 90112K, 57% used [0x00000000cfa00000,0x00000000d2c2be60,0x00000000d5200000)
 Metaspace       used 21272K, capacity 22622K, committed 22784K, reserved 1069056K
  class space    used 2968K, capacity 3247K, committed 3328K, reserved 1048576K
Event: 129.596 GC heap after
Heap after GC invocations=11 (full 2):
 PSYoungGen      total 61440K, used 19460K [0x00000000efe00000, 0x00000000f5380000, 0x0000000100000000)
  eden space 41472K, 0% used [0x00000000efe00000,0x00000000efe00000,0x00000000f2680000)
  from space 19968K, 97% used [0x00000000f2680000,0x00000000f3981318,0x00000000f3a00000)
  to   space 22528K, 0% used [0x00000000f3d80000,0x00000000f3d80000,0x00000000f5380000)
 ParOldGen       total 90112K, used 51383K [0x00000000cfa00000, 0x00000000d5200000, 0x00000000efe00000)
  object space 90112K, 57% used [0x00000000cfa00000,0x00000000d2c2de60,0x00000000d5200000)
 Metaspace       used 21272K, capacity 22622K, committed 22784K, reserved 1069056K
  class space    used 2968K, capacity 3247K, committed 3328K, reserved 1048576K
}

