# JRE version: Java(TM) SE Runtime Environment (8.0_161-b12) (build 1.8.0_161-b12)
# Java VM: Java HotSpot(TM) 64-Bit Server VM (25.161-b12 mixed mode linux-amd64 compressed oops)
Heap:
 PSYoungGen      total 67584K, used 53444K [0x00000000efe00000, 0x00000000f5e80000, 0x0000000100000000)
  eden space 46592K, 70% used [0x00000000efe00000,0x00000000f1df9e58,0x00000000f2b80000)
  from space 20992K, 98% used [0x00000000f4480000,0x00000000f58b7470,0x00000000f5900000)
  to   space 25600K, 0% used [0x00000000f2b80000,0x00000000f2b80000,0x00000000f4480000)
 ParOldGen       total 71680K, used 40082K [0x00000000cfa00000, 0x00000000d4000000, 0x00000000efe00000)
  object space 71680K, 55% used [0x00000000cfa00000,0x00000000d2124a10,0x00000000d4000000)
 Metaspace       used 20361K, capacity 21608K, committed 21760K, reserved 1067008K
  class space    used 2968K, capacity 3244K, committed 3328K, reserved 1048576K
GC Heap History (10 events):
Event: 2.566 GC heap before
{Heap before GC invocations=3 (full 0):
 PSYoungGen      total 14848K, used 14816K [0x00000000efe00000, 0x00000000f1b00000, 0x0000000100000000)
  eden space 12800K, 100% used [0x00000000efe00000,0x00000000f0a80000,0x00000000f0a80000)
  from space 2048K, 98% used [0x00000000f0c80000,0x00000000f0e78020,0x00000000f0e80000)
  to   space 2048K, 0% used [0x00000000f0a80000,0x00000000f0a80000,0x00000000f0c80000)
 ParOldGen       total 34304K, used 6558K [0x00000000cfa00000, 0x00000000d1b80000, 0x00000000efe00000)
  object space 34304K, 19% used [0x00000000cfa00000,0x00000000d0067810,0x00000000d1b80000)
 Metaspace       used 13534K, capacity 14010K, committed 14208K, reserved 1060864K
  class space    used 1963K, capacity 2133K, committed 2176K, reserved 1048576K
Event: 2.579 GC heap after
Heap after GC invocations=3 (full 0):
 PSYoungGen      total 14848K, used 2038K [0x00000000efe00000, 0x00000000f1b00000, 0x0000000100000000)
  eden space 12800K, 0% used [0x00000000efe00000,0x00000000efe00000,0x00000000f0a80000)
  from space 2048K, 99% used [0x00000000f0a80000,0x00000000f0c7d9d8,0x00000000f0c80000)
  to   space 2048K, 0% used [0x00000000f1900000,0x00000000f1900000,0x00000000f1b00000)
 ParOldGen       total 34304K, used 11824K [0x00000000cfa00000, 0x00000000d1b80000, 0x00000000efe00000)
  object space 34304K, 34% used [0x00000000cfa00000,0x00000000d058c218,0x00000000d1b80000)
 Metaspace       used 13534K, capacity 14010K, committed 14208K, reserved 1060864K
  class space    used 1963K, capacity 2133K, committed 2176K, reserved 1048576K
}
Event: 5.257 GC heap before
{Heap before GC invocations=4 (full 0):
 PSYoungGen      total 14848K, used 13708K [0x00000000efe00000, 0x00000000f1b00000, 0x0000000100000000)
  eden space 12800K, 91% used [0x00000000efe00000,0x00000000f0965630,0x00000000f0a80000)
  from space 2048K, 99% used [0x00000000f0a80000,0x00000000f0c7d9d8,0x00000000f0c80000)
  to   space 2048K, 0% used [0x00000000f1900000,0x00000000f1900000,0x00000000f1b00000)
 ParOldGen       total 34304K, used 11824K [0x00000000cfa00000, 0x00000000d1b80000, 0x00000000efe00000)
  object space 34304K, 34% used [0x00000000cfa00000,0x00000000d058c218,0x00000000d1b80000)
 Metaspace       used 15237K, capacity 15836K, committed 16000K, reserved 1062912K
  class space    used 2219K, capacity 2384K, committed 2432K, reserved 1048576K
Event: 5.296 GC heap after
Heap after GC invocations=4 (full 0):
 PSYoungGen      total 27648K, used 2032K [0x00000000efe00000, 0x00000000f1b00000, 0x0000000100000000)
  eden space 25600K, 0% used [0x00000000efe00000,0x00000000efe00000,0x00000000f1700000)
  from space 2048K, 99% used [0x00000000f1900000,0x00000000f1afc1e0,0x00000000f1b00000)
  to   space 2048K, 0% used [0x00000000f1700000,0x00000000f1700000,0x00000000f1900000)
 ParOldGen       total 34304K, used 17511K [0x00000000cfa00000, 0x00000000d1b80000, 0x00000000efe00000)
  object space 34304K, 51% used [0x00000000cfa00000,0x00000000d0b19f18,0x00000000d1b80000)
 Metaspace       used 15237K, capacity 15836K, committed 16000K, reserved 1062912K
  class space    used 2219K, capacity 2384K, committed 2432K, reserved 1048576K
}
Event: 5.490 GC heap before
{Heap before GC invocations=5 (full 0):
 PSYoungGen      total 27648K, used 27410K [0x00000000efe00000, 0x00000000f1b00000, 0x0000000100000000)
  eden space 25600K, 99% used [0x00000000efe00000,0x00000000f16c8940,0x00000000f1700000)
  from space 2048K, 99% used [0x00000000f1900000,0x00000000f1afc1e0,0x00000000f1b00000)
  to   space 2048K, 0% used [0x00000000f1700000,0x00000000f1700000,0x00000000f1900000)
 ParOldGen       total 34304K, used 17511K [0x00000000cfa00000, 0x00000000d1b80000, 0x00000000efe00000)
  object space 34304K, 51% used [0x00000000cfa00000,0x00000000d0b19f18,0x00000000d1b80000)
 Metaspace       used 15294K, capacity 15900K, committed 16000K, reserved 1062912K
  class space    used 2230K, capacity 2384K, committed 2432K, reserved 1048576K
Event: 5.530 GC heap after
Heap after GC invocations=5 (full 0):
 PSYoungGen      total 27648K, used 2016K [0x00000000efe00000, 0x00000000f5900000, 0x0000000100000000)
  eden space 25600K, 0% used [0x00000000efe00000,0x00000000efe00000,0x00000000f1700000)
  from space 2048K, 98% used [0x00000000f1700000,0x00000000f18f81e0,0x00000000f1900000)
  to   space 20992K, 0% used [0x00000000f4480000,0x00000000f4480000,0x00000000f5900000)
 ParOldGen       total 41472K, used 37750K [0x00000000cfa00000, 0x00000000d2280000, 0x00000000efe00000)
  object space 41472K, 91% used [0x00000000cfa00000,0x00000000d1edd8d8,0x00000000d2280000)
 Metaspace       used 15294K, capacity 15900K, committed 16000K, reserved 1062912K
  class space    used 2230K, capacity 2384K, committed 2432K, reserved 1048576K
}
Event: 5.530 GC heap before
{Heap before GC invocations=6 (full 1):
 PSYoungGen      total 27648K, used 2016K [0x00000000efe00000, 0x00000000f5900000, 0x0000000100000000)
  eden space 25600K, 0% used [0x00000000efe00000,0x00000000efe00000,0x00000000f1700000)
  from space 2048K, 98% used [0x00000000f1700000,0x00000000f18f81e0,0x00000000f1900000)
  to   space 20992K, 0% used [0x00000000f4480000,0x00000000f4480000,0x00000000f5900000)
 ParOldGen       total 41472K, used 37750K [0x00000000cfa00000, 0x00000000d2280000, 0x00000000efe00000)
  object space 41472K, 91% used [0x00000000cfa00000,0x00000000d1edd8d8,0x00000000d2280000)
 Metaspace       used 15294K, capacity 15900K, committed 16000K, reserved 1062912K
  class space    used 2230K, capacity 2384K, committed 2432K, reserved 1048576K
Event: 5.583 GC heap after
Heap after GC invocations=6 (full 1):
 PSYoungGen      total 27648K, used 0K [0x00000000efe00000, 0x00000000f5900000, 0x0000000100000000)
  eden space 25600K, 0% used [0x00000000efe00000,0x00000000efe00000,0x00000000f1700000)
  from space 2048K, 0% used [0x00000000f1700000,0x00000000f1700000,0x00000000f1900000)
  to   space 20992K, 0% used [0x00000000f4480000,0x00000000f4480000,0x00000000f5900000)
 ParOldGen       total 71680K, used 38018K [0x00000000cfa00000, 0x00000000d4000000, 0x00000000efe00000)
  object space 71680K, 53% used [0x00000000cfa00000,0x00000000d1f208e0,0x00000000d4000000)
 Metaspace       used 15292K, capacity 15894K, committed 16000K, reserved 1062912K
  class space    used 2230K, capacity 2383K, committed 2432K, reserved 1048576K
}
Event: 5.890 GC heap before
{Heap before GC invocations=7 (full 1):
 PSYoungGen      total 27648K, used 25131K [0x00000000efe00000, 0x00000000f5900000, 0x0000000100000000)
  eden space 25600K, 98% used [0x00000000efe00000,0x00000000f168af60,0x00000000f1700000)
  from space 2048K, 0% used [0x00000000f1700000,0x00000000f1700000,0x00000000f1900000)
  to   space 20992K, 0% used [0x00000000f4480000,0x00000000f4480000,0x00000000f5900000)
 ParOldGen       total 71680K, used 38018K [0x00000000cfa00000, 0x00000000d4000000, 0x00000000efe00000)
  object space 71680K, 53% used [0x00000000cfa00000,0x00000000d1f208e0,0x00000000d4000000)
 Metaspace       used 15312K, capacity 15894K, committed 16000K, reserved 1062912K
  class space    used 2230K, capacity 2383K, committed 2432K, reserved 1048576K
Event: 5.913 GC heap after
Heap after GC invocations=7 (full 1):
 PSYoungGen      total 67584K, used 20701K [0x00000000efe00000, 0x00000000f5e80000, 0x0000000100000000)
  eden space 46592K, 0% used [0x00000000efe00000,0x00000000efe00000,0x00000000f2b80000)
  from space 20992K, 98% used [0x00000000f4480000,0x00000000f58b7470,0x00000000f5900000)
  to   space 25600K, 0% used [0x00000000f2b80000,0x00000000f2b80000,0x00000000f4480000)
 ParOldGen       total 71680K, used 40082K [0x00000000cfa00000, 0x00000000d4000000, 0x00000000efe00000)
  object space 71680K, 55% used [0x00000000cfa00000,0x00000000d2124a10,0x00000000d4000000)
 Metaspace       used 15312K, capacity 15894K, committed 16000K, reserved 1062912K
  class space    used 2230K, capacity 2383K, committed 2432K, reserved 1048576K
}

