# JRE version: Java(TM) SE Runtime Environment (8.0_161-b12) (build 1.8.0_161-b12)
# Java VM: Java HotSpot(TM) 64-Bit Server VM (25.161-b12 mixed mode linux-amd64 compressed oops)
Heap:
 PSYoungGen      total 14848K, used 5968K [0x00000000efe00000, 0x00000000f1d80000, 0x0000000100000000)
  eden space 12800K, 30% used [0x00000000efe00000,0x00000000f01d8400,0x00000000f0a80000)
  from space 2048K, 99% used [0x00000000f0a80000,0x00000000f0c7bf68,0x00000000f0c80000)
  to   space 9728K, 0% used [0x00000000f1400000,0x00000000f1400000,0x00000000f1d80000)
 ParOldGen       total 34304K, used 13615K [0x00000000cfa00000, 0x00000000d1b80000, 0x00000000efe00000)
  object space 34304K, 39% used [0x00000000cfa00000,0x00000000d074bca0,0x00000000d1b80000)
 Metaspace       used 16913K, capacity 17606K, committed 17792K, reserved 1064960K
  class space    used 2415K, capacity 2608K, committed 2688K, reserved 1048576K
GC Heap History (10 events):
Event: 8.275 GC heap before
{Heap before GC invocations=1 (full 0):
 PSYoungGen      total 14848K, used 12800K [0x00000000efe00000, 0x00000000f0e80000, 0x0000000100000000)
  eden space 12800K, 100% used [0x00000000efe00000,0x00000000f0a80000,0x00000000f0a80000)
  from space 2048K, 0% used [0x00000000f0c80000,0x00000000f0c80000,0x00000000f0e80000)
  to   space 2048K, 0% used [0x00000000f0a80000,0x00000000f0a80000,0x00000000f0c80000)
 ParOldGen       total 34304K, used 0K [0x00000000cfa00000, 0x00000000d1b80000, 0x00000000efe00000)
  object space 34304K, 0% used [0x00000000cfa00000,0x00000000cfa00000,0x00000000d1b80000)
 Metaspace       used 8776K, capacity 9084K, committed 9216K, reserved 1056768K
  class space    used 1103K, capacity 1207K, committed 1280K, reserved 1048576K
Event: 8.291 GC heap after
Heap after GC invocations=1 (full 0):
 PSYoungGen      total 14848K, used 1920K [0x00000000efe00000, 0x00000000f0e80000, 0x0000000100000000)
  eden space 12800K, 0% used [0x00000000efe00000,0x00000000efe00000,0x00000000f0a80000)
  from space 2048K, 93% used [0x00000000f0a80000,0x00000000f0c60040,0x00000000f0c80000)
  to   space 2048K, 0% used [0x00000000f0c80000,0x00000000f0c80000,0x00000000f0e80000)
 ParOldGen       total 34304K, used 8K [0x00000000cfa00000, 0x00000000d1b80000, 0x00000000efe00000)
  object space 34304K, 0% used [0x00000000cfa00000,0x00000000cfa02000,0x00000000d1b80000)
 Metaspace       used 8776K, capacity 9084K, committed 9216K, reserved 1056768K
  class space    used 1103K, capacity 1207K, committed 1280K, reserved 1048576K
}
Event: 10.633 GC heap before
{Heap before GC invocations=2 (full 0):
 PSYoungGen      total 14848K, used 13649K [0x00000000efe00000, 0x00000000f0e80000, 0x0000000100000000)
  eden space 12800K, 91% used [0x00000000efe00000,0x00000000f09747a0,0x00000000f0a80000)
  from space 2048K, 93% used [0x00000000f0a80000,0x00000000f0c60040,0x00000000f0c80000)
  to   space 2048K, 0% used [0x00000000f0c80000,0x00000000f0c80000,0x00000000f0e80000)
 ParOldGen       total 34304K, used 8K [0x00000000cfa00000, 0x00000000d1b80000, 0x00000000efe00000)
  object space 34304K, 0% used [0x00000000cfa00000,0x00000000cfa02000,0x00000000d1b80000)
 Metaspace       used 10604K, capacity 10996K, committed 11264K, reserved 1058816K
  class space    used 1415K, capacity 1501K, committed 1536K, reserved 1048576K
Event: 10.650 GC heap after
Heap after GC invocations=2 (full 0):
 PSYoungGen      total 14848K, used 2016K [0x00000000efe00000, 0x00000000f0e80000, 0x0000000100000000)
  eden space 12800K, 0% used [0x00000000efe00000,0x00000000efe00000,0x00000000f0a80000)
  from space 2048K, 98% used [0x00000000f0c80000,0x00000000f0e78020,0x00000000f0e80000)
  to   space 2048K, 0% used [0x00000000f0a80000,0x00000000f0a80000,0x00000000f0c80000)
 ParOldGen       total 34304K, used 6534K [0x00000000cfa00000, 0x00000000d1b80000, 0x00000000efe00000)
  object space 34304K, 19% used [0x00000000cfa00000,0x00000000d0061810,0x00000000d1b80000)
 Metaspace       used 10604K, capacity 10996K, committed 11264K, reserved 1058816K
  class space    used 1415K, capacity 1501K, committed 1536K, reserved 1048576K
}
Event: 12.395 GC heap before
{Heap before GC invocations=3 (full 0):
 PSYoungGen      total 14848K, used 13917K [0x00000000efe00000, 0x00000000f0e80000, 0x0000000100000000)
  eden space 12800K, 92% used [0x00000000efe00000,0x00000000f099f640,0x00000000f0a80000)
  from space 2048K, 98% used [0x00000000f0c80000,0x00000000f0e78020,0x00000000f0e80000)
  to   space 2048K, 0% used [0x00000000f0a80000,0x00000000f0a80000,0x00000000f0c80000)
 ParOldGen       total 34304K, used 6534K [0x00000000cfa00000, 0x00000000d1b80000, 0x00000000efe00000)
  object space 34304K, 19% used [0x00000000cfa00000,0x00000000d0061810,0x00000000d1b80000)
 Metaspace       used 13813K, capacity 14368K, committed 14592K, reserved 1060864K
  class space    used 1999K, capacity 2177K, committed 2304K, reserved 1048576K
Event: 12.425 GC heap after
Heap after GC invocations=3 (full 0):
 PSYoungGen      total 14848K, used 2031K [0x00000000efe00000, 0x00000000f0e80000, 0x0000000100000000)
  eden space 12800K, 0% used [0x00000000efe00000,0x00000000efe00000,0x00000000f0a80000)
  from space 2048K, 99% used [0x00000000f0a80000,0x00000000f0c7bf68,0x00000000f0c80000)
  to   space 2048K, 0% used [0x00000000f0c80000,0x00000000f0c80000,0x00000000f0e80000)
 ParOldGen       total 34304K, used 11161K [0x00000000cfa00000, 0x00000000d1b80000, 0x00000000efe00000)
  object space 34304K, 32% used [0x00000000cfa00000,0x00000000d04e66a0,0x00000000d1b80000)
 Metaspace       used 13813K, capacity 14368K, committed 14592K, reserved 1060864K
  class space    used 1999K, capacity 2177K, committed 2304K, reserved 1048576K
}
Event: 21.634 GC heap before
{Heap before GC invocations=4 (full 0):
 PSYoungGen      total 14848K, used 14831K [0x00000000efe00000, 0x00000000f0e80000, 0x0000000100000000)
  eden space 12800K, 100% used [0x00000000efe00000,0x00000000f0a80000,0x00000000f0a80000)
  from space 2048K, 99% used [0x00000000f0a80000,0x00000000f0c7bf68,0x00000000f0c80000)
  to   space 2048K, 0% used [0x00000000f0c80000,0x00000000f0c80000,0x00000000f0e80000)
 ParOldGen       total 34304K, used 11161K [0x00000000cfa00000, 0x00000000d1b80000, 0x00000000efe00000)
  object space 34304K, 32% used [0x00000000cfa00000,0x00000000d04e66a0,0x00000000d1b80000)
 Metaspace       used 14998K, capacity 15576K, committed 15616K, reserved 1062912K
  class space    used 2111K, capacity 2269K, committed 2304K, reserved 1048576K
Event: 21.647 GC heap after
Heap after GC invocations=4 (full 0):
 PSYoungGen      total 14848K, used 2046K [0x00000000efe00000, 0x00000000f0e80000, 0x0000000100000000)
  eden space 12800K, 0% used [0x00000000efe00000,0x00000000efe00000,0x00000000f0a80000)
  from space 2048K, 99% used [0x00000000f0c80000,0x00000000f0e7f980,0x00000000f0e80000)
  to   space 2048K, 0% used [0x00000000f0a80000,0x00000000f0a80000,0x00000000f0c80000)
 ParOldGen       total 34304K, used 12453K [0x00000000cfa00000, 0x00000000d1b80000, 0x00000000efe00000)
  object space 34304K, 36% used [0x00000000cfa00000,0x00000000d06296c0,0x00000000d1b80000)
 Metaspace       used 14998K, capacity 15576K, committed 15616K, reserved 1062912K
  class space    used 2111K, capacity 2269K, committed 2304K, reserved 1048576K
}
Event: 48.425 GC heap before
{Heap before GC invocations=5 (full 0):
 PSYoungGen      total 14848K, used 14846K [0x00000000efe00000, 0x00000000f0e80000, 0x0000000100000000)
  eden space 12800K, 100% used [0x00000000efe00000,0x00000000f0a80000,0x00000000f0a80000)
  from space 2048K, 99% used [0x00000000f0c80000,0x00000000f0e7f980,0x00000000f0e80000)
  to   space 2048K, 0% used [0x00000000f0a80000,0x00000000f0a80000,0x00000000f0c80000)
 ParOldGen       total 34304K, used 12453K [0x00000000cfa00000, 0x00000000d1b80000, 0x00000000efe00000)
  object space 34304K, 36% used [0x00000000cfa00000,0x00000000d06296c0,0x00000000d1b80000)
 Metaspace       used 16121K, capacity 16804K, committed 16896K, reserved 1062912K
  class space    used 2303K, capacity 2487K, committed 2560K, reserved 1048576K
Event: 48.436 GC heap after
Heap after GC invocations=5 (full 0):
 PSYoungGen      total 14848K, used 2031K [0x00000000efe00000, 0x00000000f1d80000, 0x0000000100000000)
  eden space 12800K, 0% used [0x00000000efe00000,0x00000000efe00000,0x00000000f0a80000)
  from space 2048K, 99% used [0x00000000f0a80000,0x00000000f0c7bf68,0x00000000f0c80000)
  to   space 9728K, 0% used [0x00000000f1400000,0x00000000f1400000,0x00000000f1d80000)
 ParOldGen       total 34304K, used 13615K [0x00000000cfa00000, 0x00000000d1b80000, 0x00000000efe00000)
  object space 34304K, 39% used [0x00000000cfa00000,0x00000000d074bca0,0x00000000d1b80000)
 Metaspace       used 16121K, capacity 16804K, committed 16896K, reserved 1062912K
  class space    used 2303K, capacity 2487K, committed 2560K, reserved 1048576K
}

